A=D2 X=FF Y=03 P=B1 0282: txs
A=D2 X=FF Y=03 P=B1 0283: jsr $028c
A=D2 X=FF Y=03 P=B1 028C: jsr $029e
A=D2 X=FF Y=03 P=B1 029E: lda #$3b
A=3B X=FF Y=03 P=31 02A0: sta $28
A=3B X=FF Y=03 P=31 02A2: lda #$15
A=15 X=FF Y=03 P=31 02A4: sta $29
A=15 X=FF Y=03 P=31 02A6: lda #$00
A=00 X=FF Y=03 P=33 02A8: tay
A=00 X=FF Y=00 P=33 02A9: ldx #$00
A=00 X=00 Y=00 P=33 02AB: beq $02b7
A=00 X=00 Y=00 P=33 02B7: cpy #$35
A=00 X=00 Y=00 P=B0 02B9: beq $02c0
A=00 X=00 Y=00 P=B0 02BB: sta ($28), y
A=00 X=00 Y=00 P=B0 02BD: iny
A=00 X=00 Y=01 P=30 02BE: bne $02b7
A=00 X=00 Y=01 P=30 02B7: cpy #$35
A=00 X=00 Y=01 P=B0 02B9: beq $02c0
A=00 X=00 Y=01 P=B0 02BB: sta ($28), y
A=00 X=00 Y=01 P=B0 02BD: iny
A=00 X=00 Y=02 P=30 02BE: bne $02b7

   (loops for 257 instructions)

A=00 X=00 Y=35 P=33 02C0: rts
A=00 X=00 Y=35 P=33 028F: lda #$00
A=00 X=00 Y=35 P=33 0291: sta $20
A=00 X=00 Y=35 P=33 0293: lda #$80
A=80 X=00 Y=35 P=B1 0295: sta $21
A=80 X=00 Y=35 P=B1 0297: cli
A=80 X=00 Y=35 P=B1 0298: jsr $02c1
A=80 X=00 Y=35 P=B1 02C1: ldy #$00
A=80 X=00 Y=00 P=33 02C3: beq $02cc
A=80 X=00 Y=00 P=33 02CC: rts
A=80 X=00 Y=00 P=33 029B: jmp $0eda
A=80 X=00 Y=00 P=33 0EDA: lda $156c
A=00 X=00 Y=00 P=33 0EDD: ldx $156d
A=00 X=00 Y=00 P=33 0EE0: jsr $107c
A=00 X=00 Y=00 P=33 107C: pha
A=00 X=00 Y=00 P=33 107D: lda $20
A=00 X=00 Y=00 P=33 107F: sec
A=00 X=00 Y=00 P=33 1080: sbc #$02
A=FE X=00 Y=00 P=B0 1082: sta $20
A=FE X=00 Y=00 P=B0 1084: bcs $1088
A=FE X=00 Y=00 P=B0 1086: dec $21
A=FE X=00 Y=00 P=30 1088: ldy #$01
A=FE X=00 Y=01 P=30 108A: txa
A=00 X=00 Y=01 P=32 108B: sta ($20), y
A=00 X=00 Y=01 P=32 108D: pla
A=00 X=00 Y=01 P=32 108E: dey
A=00 X=00 Y=00 P=32 108F: sta ($20), y
A=00 X=00 Y=00 P=32 1091: rts
A=00 X=00 Y=00 P=32 0EE3: lda $156e
A=00 X=00 Y=00 P=32 0EE6: ldx $156f
A=00 X=00 Y=00 P=32 0EE9: jsr $107c
A=00 X=00 Y=00 P=32 107C: pha
A=00 X=00 Y=00 P=32 107D: lda $20
A=FE X=00 Y=00 P=B0 107F: sec
A=FE X=00 Y=00 P=B1 1080: sbc #$02
A=FC X=00 Y=00 P=B1 1082: sta $20
A=FC X=00 Y=00 P=B1 1084: bcs $1088
A=FC X=00 Y=00 P=B1 1088: ldy #$01
A=FC X=00 Y=01 P=31 108A: txa
A=00 X=00 Y=01 P=33 108B: sta ($20), y
A=00 X=00 Y=01 P=33 108D: pla
A=00 X=00 Y=01 P=33 108E: dey
A=00 X=00 Y=00 P=33 108F: sta ($20), y
A=00 X=00 Y=00 P=33 1091: rts
A=00 X=00 Y=00 P=33 0EEC: ldy #$04
A=00 X=00 Y=04 P=31 0EEE: jmp $070f
A=00 X=00 Y=04 P=31 070F: lda #$01
A=01 X=00 Y=04 P=31 0711: jsr $1066
A=01 X=00 Y=04 P=31 1066: ldy $20
A=01 X=00 Y=FC P=B1 1068: beq $1071
A=01 X=00 Y=FC P=B1 106A: dec $20
A=01 X=00 Y=FC P=B1 106C: ldy #$00
A=01 X=00 Y=00 P=33 106E: sta ($20), y
A=01 X=00 Y=00 P=33 1070: rts
A=01 X=00 Y=00 P=33 0714: jsr $0f06
A=01 X=00 Y=00 P=33 0F06: lda $20
A=FB X=00 Y=00 P=B1 0F08: sec
A=FB X=00 Y=00 P=B1 0F09: sbc #$02
A=F9 X=00 Y=00 P=B1 0F0B: sta $20
A=F9 X=00 Y=00 P=B1 0F0D: bcc $0f10
A=F9 X=00 Y=00 P=B1 0F0F: rts
A=F9 X=00 Y=00 P=B1 0717: ldx #$12
A=F9 X=12 Y=00 P=31 0719: lda #$34
A=34 X=12 Y=00 P=31 071B: jsr $0de7
A=34 X=12 Y=00 P=31 0DE7: sta $150a
A=34 X=12 Y=00 P=31 0DEA: stx $150b
A=34 X=12 Y=00 P=31 0DED: lda #$00
A=00 X=12 Y=00 P=33 0DEF: sta $150c
A=00 X=12 Y=00 P=33 0DF2: sta $150d
A=00 X=12 Y=00 P=33 0DF5: rts
A=00 X=12 Y=00 P=33 071E: ldy #$02
A=00 X=12 Y=02 P=31 0720: lda ($20), y
A=01 X=12 Y=02 P=31 0722: bne $0727
A=01 X=12 Y=02 P=31 0727: lda #$45
A=45 X=12 Y=02 P=31 0729: ldx #$13
A=45 X=13 Y=02 P=31 072B: jsr $107c

